<?xml version="1.0" encoding="UTF-8"?>
<!-- Generated by org.testng.reporters.JUnitReportReporter -->
<testsuite hostname="SUNIL-NOTEBOOK" failures="0" tests="1" name="TestSuite.SignUpNewCustomer" time="20.071" errors="0" timestamp="2022-11-11T12:11:47 AEDT" skipped="0">
  <testcase classname="TestSuite.SignUpNewCustomer" name="CustomerWithDifferentBillingAddressAndOtherContacts" time="20.071"/>
  <system-out/>
</testsuite> <!-- TestSuite.SignUpNewCustomer -->
