<?xml version="1.0" encoding="UTF-8"?>
<!-- Generated by org.testng.reporters.JUnitReportReporter -->
<testsuite hostname="SUNIL-NOTEBOOK" failures="0" tests="2" name="CrayonCodeTest.CodeTest.SignUpNewCustomer" time="31.223" errors="0" timestamp="2022-11-10T18:43:18 AEDT" skipped="0">
  <testcase classname="CrayonCodeTest.CodeTest.SignUpNewCustomer" name="CustomerWithSameBillingAddressAndAuthContactOnly" time="10.635"/>
  <system-out/>
  <testcase classname="CrayonCodeTest.CodeTest.SignUpNewCustomer" name="CustomerWithDifferentBillingAddressAndOtherContacts" time="20.588"/>
  <system-out/>
</testsuite> <!-- CrayonCodeTest.CodeTest.SignUpNewCustomer -->
